
*** Running vivado
    with args -log controlGameWithBluetooth.vdi -applog -m64 -product Vivado -messageDb vivado.pb -mode batch -source controlGameWithBluetooth.tcl -notrace



****** Vivado v2021.1 (64-bit)
  **** SW Build 3247384 on Thu Jun 10 19:36:33 MDT 2021
  **** IP Build 3246043 on Fri Jun 11 00:30:35 MDT 2021
    ** Copyright 1986-2021 Xilinx, Inc. All Rights Reserved.

source controlGameWithBluetooth.tcl -notrace
Command: link_design -top controlGameWithBluetooth -part xc7z020clg400-1
Design is defaulting to srcset: sources_1
Design is defaulting to constrset: constrs_1
INFO: [Device 21-403] Loading part xc7z020clg400-1
Netlist sorting complete. Time (s): cpu = 00:00:00 ; elapsed = 00:00:00.001 . Memory (MB): peak = 1224.355 ; gain = 0.000
INFO: [Netlist 29-17] Analyzing 8 Unisim elements for replacement
INFO: [Netlist 29-28] Unisim Transformation completed in 0 CPU seconds
INFO: [Project 1-479] Netlist was created with Vivado 2021.1
INFO: [Project 1-570] Preparing netlist for logic optimization
Parsing XDC File [D:/Vivado/Git_Lucky_number_game/Lucky_number_game/Arty-Z7-20-Master.xdc]
WARNING: [Vivado 12-584] No ports matched 'music'. [D:/Vivado/Git_Lucky_number_game/Lucky_number_game/Arty-Z7-20-Master.xdc:12]
CRITICAL WARNING: [Common 17-55] 'set_property' expects at least one object. [D:/Vivado/Git_Lucky_number_game/Lucky_number_game/Arty-Z7-20-Master.xdc:12]
Resolution: If [get_<value>] was used to populate the object, check to make sure this command returns at least one valid object.
WARNING: [Vivado 12-584] No ports matched 'rgb[2]'. [D:/Vivado/Git_Lucky_number_game/Lucky_number_game/Arty-Z7-20-Master.xdc:15]
CRITICAL WARNING: [Common 17-55] 'set_property' expects at least one object. [D:/Vivado/Git_Lucky_number_game/Lucky_number_game/Arty-Z7-20-Master.xdc:15]
Resolution: If [get_<value>] was used to populate the object, check to make sure this command returns at least one valid object.
WARNING: [Vivado 12-584] No ports matched 'rgb[1]'. [D:/Vivado/Git_Lucky_number_game/Lucky_number_game/Arty-Z7-20-Master.xdc:16]
CRITICAL WARNING: [Common 17-55] 'set_property' expects at least one object. [D:/Vivado/Git_Lucky_number_game/Lucky_number_game/Arty-Z7-20-Master.xdc:16]
Resolution: If [get_<value>] was used to populate the object, check to make sure this command returns at least one valid object.
WARNING: [Vivado 12-584] No ports matched 'rgb[0]'. [D:/Vivado/Git_Lucky_number_game/Lucky_number_game/Arty-Z7-20-Master.xdc:17]
CRITICAL WARNING: [Common 17-55] 'set_property' expects at least one object. [D:/Vivado/Git_Lucky_number_game/Lucky_number_game/Arty-Z7-20-Master.xdc:17]
Resolution: If [get_<value>] was used to populate the object, check to make sure this command returns at least one valid object.
WARNING: [Vivado 12-584] No ports matched 'rgb[5]'. [D:/Vivado/Git_Lucky_number_game/Lucky_number_game/Arty-Z7-20-Master.xdc:18]
CRITICAL WARNING: [Common 17-55] 'set_property' expects at least one object. [D:/Vivado/Git_Lucky_number_game/Lucky_number_game/Arty-Z7-20-Master.xdc:18]
Resolution: If [get_<value>] was used to populate the object, check to make sure this command returns at least one valid object.
WARNING: [Vivado 12-584] No ports matched 'rgb[4]'. [D:/Vivado/Git_Lucky_number_game/Lucky_number_game/Arty-Z7-20-Master.xdc:19]
CRITICAL WARNING: [Common 17-55] 'set_property' expects at least one object. [D:/Vivado/Git_Lucky_number_game/Lucky_number_game/Arty-Z7-20-Master.xdc:19]
Resolution: If [get_<value>] was used to populate the object, check to make sure this command returns at least one valid object.
WARNING: [Vivado 12-584] No ports matched 'rgb[3]'. [D:/Vivado/Git_Lucky_number_game/Lucky_number_game/Arty-Z7-20-Master.xdc:20]
CRITICAL WARNING: [Common 17-55] 'set_property' expects at least one object. [D:/Vivado/Git_Lucky_number_game/Lucky_number_game/Arty-Z7-20-Master.xdc:20]
Resolution: If [get_<value>] was used to populate the object, check to make sure this command returns at least one valid object.
WARNING: [Vivado 12-584] No ports matched 'led[0]'. [D:/Vivado/Git_Lucky_number_game/Lucky_number_game/Arty-Z7-20-Master.xdc:23]
CRITICAL WARNING: [Common 17-55] 'set_property' expects at least one object. [D:/Vivado/Git_Lucky_number_game/Lucky_number_game/Arty-Z7-20-Master.xdc:23]
Resolution: If [get_<value>] was used to populate the object, check to make sure this command returns at least one valid object.
WARNING: [Vivado 12-584] No ports matched 'led[1]'. [D:/Vivado/Git_Lucky_number_game/Lucky_number_game/Arty-Z7-20-Master.xdc:24]
CRITICAL WARNING: [Common 17-55] 'set_property' expects at least one object. [D:/Vivado/Git_Lucky_number_game/Lucky_number_game/Arty-Z7-20-Master.xdc:24]
Resolution: If [get_<value>] was used to populate the object, check to make sure this command returns at least one valid object.
WARNING: [Vivado 12-584] No ports matched 'led[2]'. [D:/Vivado/Git_Lucky_number_game/Lucky_number_game/Arty-Z7-20-Master.xdc:25]
CRITICAL WARNING: [Common 17-55] 'set_property' expects at least one object. [D:/Vivado/Git_Lucky_number_game/Lucky_number_game/Arty-Z7-20-Master.xdc:25]
Resolution: If [get_<value>] was used to populate the object, check to make sure this command returns at least one valid object.
WARNING: [Vivado 12-584] No ports matched 'led[3]'. [D:/Vivado/Git_Lucky_number_game/Lucky_number_game/Arty-Z7-20-Master.xdc:26]
CRITICAL WARNING: [Common 17-55] 'set_property' expects at least one object. [D:/Vivado/Git_Lucky_number_game/Lucky_number_game/Arty-Z7-20-Master.xdc:26]
Resolution: If [get_<value>] was used to populate the object, check to make sure this command returns at least one valid object.
WARNING: [Vivado 12-584] No ports matched 'button[0]'. [D:/Vivado/Git_Lucky_number_game/Lucky_number_game/Arty-Z7-20-Master.xdc:29]
CRITICAL WARNING: [Common 17-55] 'set_property' expects at least one object. [D:/Vivado/Git_Lucky_number_game/Lucky_number_game/Arty-Z7-20-Master.xdc:29]
Resolution: If [get_<value>] was used to populate the object, check to make sure this command returns at least one valid object.
WARNING: [Vivado 12-584] No ports matched 'button[1]'. [D:/Vivado/Git_Lucky_number_game/Lucky_number_game/Arty-Z7-20-Master.xdc:30]
CRITICAL WARNING: [Common 17-55] 'set_property' expects at least one object. [D:/Vivado/Git_Lucky_number_game/Lucky_number_game/Arty-Z7-20-Master.xdc:30]
Resolution: If [get_<value>] was used to populate the object, check to make sure this command returns at least one valid object.
WARNING: [Vivado 12-584] No ports matched 'button[2]'. [D:/Vivado/Git_Lucky_number_game/Lucky_number_game/Arty-Z7-20-Master.xdc:31]
CRITICAL WARNING: [Common 17-55] 'set_property' expects at least one object. [D:/Vivado/Git_Lucky_number_game/Lucky_number_game/Arty-Z7-20-Master.xdc:31]
Resolution: If [get_<value>] was used to populate the object, check to make sure this command returns at least one valid object.
WARNING: [Vivado 12-584] No ports matched 'button[3]'. [D:/Vivado/Git_Lucky_number_game/Lucky_number_game/Arty-Z7-20-Master.xdc:32]
CRITICAL WARNING: [Common 17-55] 'set_property' expects at least one object. [D:/Vivado/Git_Lucky_number_game/Lucky_number_game/Arty-Z7-20-Master.xdc:32]
Resolution: If [get_<value>] was used to populate the object, check to make sure this command returns at least one valid object.
WARNING: [Vivado 12-584] No ports matched 'winner[0]'. [D:/Vivado/Git_Lucky_number_game/Lucky_number_game/Arty-Z7-20-Master.xdc:90]
CRITICAL WARNING: [Common 17-55] 'set_property' expects at least one object. [D:/Vivado/Git_Lucky_number_game/Lucky_number_game/Arty-Z7-20-Master.xdc:90]
Resolution: If [get_<value>] was used to populate the object, check to make sure this command returns at least one valid object.
WARNING: [Vivado 12-584] No ports matched 'winner[1]'. [D:/Vivado/Git_Lucky_number_game/Lucky_number_game/Arty-Z7-20-Master.xdc:91]
CRITICAL WARNING: [Common 17-55] 'set_property' expects at least one object. [D:/Vivado/Git_Lucky_number_game/Lucky_number_game/Arty-Z7-20-Master.xdc:91]
Resolution: If [get_<value>] was used to populate the object, check to make sure this command returns at least one valid object.
WARNING: [Vivado 12-584] No ports matched 'data[0]'. [D:/Vivado/Git_Lucky_number_game/Lucky_number_game/Arty-Z7-20-Master.xdc:92]
CRITICAL WARNING: [Common 17-55] 'set_property' expects at least one object. [D:/Vivado/Git_Lucky_number_game/Lucky_number_game/Arty-Z7-20-Master.xdc:92]
Resolution: If [get_<value>] was used to populate the object, check to make sure this command returns at least one valid object.
WARNING: [Vivado 12-584] No ports matched 'data[1]'. [D:/Vivado/Git_Lucky_number_game/Lucky_number_game/Arty-Z7-20-Master.xdc:93]
CRITICAL WARNING: [Common 17-55] 'set_property' expects at least one object. [D:/Vivado/Git_Lucky_number_game/Lucky_number_game/Arty-Z7-20-Master.xdc:93]
Resolution: If [get_<value>] was used to populate the object, check to make sure this command returns at least one valid object.
WARNING: [Vivado 12-584] No ports matched 'data[2]'. [D:/Vivado/Git_Lucky_number_game/Lucky_number_game/Arty-Z7-20-Master.xdc:94]
CRITICAL WARNING: [Common 17-55] 'set_property' expects at least one object. [D:/Vivado/Git_Lucky_number_game/Lucky_number_game/Arty-Z7-20-Master.xdc:94]
Resolution: If [get_<value>] was used to populate the object, check to make sure this command returns at least one valid object.
WARNING: [Vivado 12-584] No ports matched 'data[3]'. [D:/Vivado/Git_Lucky_number_game/Lucky_number_game/Arty-Z7-20-Master.xdc:95]
CRITICAL WARNING: [Common 17-55] 'set_property' expects at least one object. [D:/Vivado/Git_Lucky_number_game/Lucky_number_game/Arty-Z7-20-Master.xdc:95]
Resolution: If [get_<value>] was used to populate the object, check to make sure this command returns at least one valid object.
WARNING: [Vivado 12-584] No ports matched 'data[4]'. [D:/Vivado/Git_Lucky_number_game/Lucky_number_game/Arty-Z7-20-Master.xdc:96]
CRITICAL WARNING: [Common 17-55] 'set_property' expects at least one object. [D:/Vivado/Git_Lucky_number_game/Lucky_number_game/Arty-Z7-20-Master.xdc:96]
Resolution: If [get_<value>] was used to populate the object, check to make sure this command returns at least one valid object.
WARNING: [Vivado 12-584] No ports matched 'data[5]'. [D:/Vivado/Git_Lucky_number_game/Lucky_number_game/Arty-Z7-20-Master.xdc:97]
CRITICAL WARNING: [Common 17-55] 'set_property' expects at least one object. [D:/Vivado/Git_Lucky_number_game/Lucky_number_game/Arty-Z7-20-Master.xdc:97]
Resolution: If [get_<value>] was used to populate the object, check to make sure this command returns at least one valid object.
WARNING: [Vivado 12-584] No ports matched 'data[6]'. [D:/Vivado/Git_Lucky_number_game/Lucky_number_game/Arty-Z7-20-Master.xdc:98]
CRITICAL WARNING: [Common 17-55] 'set_property' expects at least one object. [D:/Vivado/Git_Lucky_number_game/Lucky_number_game/Arty-Z7-20-Master.xdc:98]
Resolution: If [get_<value>] was used to populate the object, check to make sure this command returns at least one valid object.
WARNING: [Vivado 12-584] No ports matched 'data[7]'. [D:/Vivado/Git_Lucky_number_game/Lucky_number_game/Arty-Z7-20-Master.xdc:99]
CRITICAL WARNING: [Common 17-55] 'set_property' expects at least one object. [D:/Vivado/Git_Lucky_number_game/Lucky_number_game/Arty-Z7-20-Master.xdc:99]
Resolution: If [get_<value>] was used to populate the object, check to make sure this command returns at least one valid object.
WARNING: [Vivado 12-584] No ports matched 'rs'. [D:/Vivado/Git_Lucky_number_game/Lucky_number_game/Arty-Z7-20-Master.xdc:100]
CRITICAL WARNING: [Common 17-55] 'set_property' expects at least one object. [D:/Vivado/Git_Lucky_number_game/Lucky_number_game/Arty-Z7-20-Master.xdc:100]
Resolution: If [get_<value>] was used to populate the object, check to make sure this command returns at least one valid object.
WARNING: [Vivado 12-584] No ports matched 'rw'. [D:/Vivado/Git_Lucky_number_game/Lucky_number_game/Arty-Z7-20-Master.xdc:101]
CRITICAL WARNING: [Common 17-55] 'set_property' expects at least one object. [D:/Vivado/Git_Lucky_number_game/Lucky_number_game/Arty-Z7-20-Master.xdc:101]
Resolution: If [get_<value>] was used to populate the object, check to make sure this command returns at least one valid object.
WARNING: [Vivado 12-584] No ports matched 'en'. [D:/Vivado/Git_Lucky_number_game/Lucky_number_game/Arty-Z7-20-Master.xdc:102]
CRITICAL WARNING: [Common 17-55] 'set_property' expects at least one object. [D:/Vivado/Git_Lucky_number_game/Lucky_number_game/Arty-Z7-20-Master.xdc:102]
Resolution: If [get_<value>] was used to populate the object, check to make sure this command returns at least one valid object.
WARNING: [Vivado 12-584] No ports matched 'buzzer'. [D:/Vivado/Git_Lucky_number_game/Lucky_number_game/Arty-Z7-20-Master.xdc:159]
CRITICAL WARNING: [Common 17-55] 'set_property' expects at least one object. [D:/Vivado/Git_Lucky_number_game/Lucky_number_game/Arty-Z7-20-Master.xdc:159]
Resolution: If [get_<value>] was used to populate the object, check to make sure this command returns at least one valid object.
Finished Parsing XDC File [D:/Vivado/Git_Lucky_number_game/Lucky_number_game/Arty-Z7-20-Master.xdc]
INFO: [Opt 31-138] Pushed 0 inverter(s) to 0 load pin(s).
Netlist sorting complete. Time (s): cpu = 00:00:00 ; elapsed = 00:00:00 . Memory (MB): peak = 1224.355 ; gain = 0.000
INFO: [Project 1-111] Unisim Transformation Summary:
No Unisim elements were transformed.

7 Infos, 29 Warnings, 29 Critical Warnings and 0 Errors encountered.
link_design completed successfully
Command: opt_design
Attempting to get a license for feature 'Implementation' and/or device 'xc7z020'
INFO: [Common 17-349] Got license for feature 'Implementation' and/or device 'xc7z020'
Running DRC as a precondition to command opt_design

Starting DRC Task
INFO: [DRC 23-27] Running DRC with 2 threads
INFO: [Project 1-461] DRC finished with 0 Errors
INFO: [Project 1-462] Please refer to the DRC report (report_drc) for more information.

Time (s): cpu = 00:00:01 ; elapsed = 00:00:00.641 . Memory (MB): peak = 1224.355 ; gain = 0.000

Starting Cache Timing Information Task
INFO: [Timing 38-35] Done setting XDC timing constraints.
Ending Cache Timing Information Task | Checksum: 200e12a2a

Time (s): cpu = 00:00:05 ; elapsed = 00:00:05 . Memory (MB): peak = 1512.492 ; gain = 288.137

Starting Logic Optimization Task

Phase 1 Retarget
INFO: [Opt 31-138] Pushed 0 inverter(s) to 0 load pin(s).
INFO: [Opt 31-49] Retargeted 0 cell(s).
Phase 1 Retarget | Checksum: 200e12a2a

Time (s): cpu = 00:00:00 ; elapsed = 00:00:00.009 . Memory (MB): peak = 1726.750 ; gain = 0.000
INFO: [Opt 31-389] Phase Retarget created 0 cells and removed 0 cells

Phase 2 Constant propagation
INFO: [Opt 31-138] Pushed 0 inverter(s) to 0 load pin(s).
Phase 2 Constant propagation | Checksum: 200e12a2a

Time (s): cpu = 00:00:00 ; elapsed = 00:00:00.011 . Memory (MB): peak = 1726.750 ; gain = 0.000
INFO: [Opt 31-389] Phase Constant propagation created 0 cells and removed 0 cells

Phase 3 Sweep
Phase 3 Sweep | Checksum: 16c84017a

Time (s): cpu = 00:00:00 ; elapsed = 00:00:00.013 . Memory (MB): peak = 1726.750 ; gain = 0.000
INFO: [Opt 31-389] Phase Sweep created 0 cells and removed 0 cells

Phase 4 BUFG optimization
Phase 4 BUFG optimization | Checksum: 16c84017a

Time (s): cpu = 00:00:00 ; elapsed = 00:00:00.016 . Memory (MB): peak = 1726.750 ; gain = 0.000
INFO: [Opt 31-662] Phase BUFG optimization created 0 cells of which 0 are BUFGs and removed 0 cells.

Phase 5 Shift Register Optimization
INFO: [Opt 31-1064] SRL Remap converted 0 SRLs to 0 registers and converted 0 registers of register chains to 0 SRLs
Phase 5 Shift Register Optimization | Checksum: 16c84017a

Time (s): cpu = 00:00:00 ; elapsed = 00:00:00.016 . Memory (MB): peak = 1726.750 ; gain = 0.000
INFO: [Opt 31-389] Phase Shift Register Optimization created 0 cells and removed 0 cells

Phase 6 Post Processing Netlist
Phase 6 Post Processing Netlist | Checksum: 16c84017a

Time (s): cpu = 00:00:00 ; elapsed = 00:00:00.017 . Memory (MB): peak = 1726.750 ; gain = 0.000
INFO: [Opt 31-389] Phase Post Processing Netlist created 0 cells and removed 0 cells
Opt_design Change Summary
=========================


-------------------------------------------------------------------------------------------------------------------------
|  Phase                        |  #Cells created  |  #Cells Removed  |  #Constrained objects preventing optimizations  |
-------------------------------------------------------------------------------------------------------------------------
|  Retarget                     |               0  |               0  |                                              0  |
|  Constant propagation         |               0  |               0  |                                              0  |
|  Sweep                        |               0  |               0  |                                              0  |
|  BUFG optimization            |               0  |               0  |                                              0  |
|  Shift Register Optimization  |               0  |               0  |                                              0  |
|  Post Processing Netlist      |               0  |               0  |                                              0  |
-------------------------------------------------------------------------------------------------------------------------



Starting Connectivity Check Task

Time (s): cpu = 00:00:00 ; elapsed = 00:00:00.001 . Memory (MB): peak = 1726.750 ; gain = 0.000
Ending Logic Optimization Task | Checksum: 17c18b21b

Time (s): cpu = 00:00:00 ; elapsed = 00:00:00.022 . Memory (MB): peak = 1726.750 ; gain = 0.000

Starting Power Optimization Task
INFO: [Pwropt 34-132] Skipping clock gating for clocks with a period < 2.00 ns.
Ending Power Optimization Task | Checksum: 17c18b21b

Time (s): cpu = 00:00:00 ; elapsed = 00:00:00.005 . Memory (MB): peak = 1726.750 ; gain = 0.000

Starting Final Cleanup Task
Ending Final Cleanup Task | Checksum: 17c18b21b

Time (s): cpu = 00:00:00 ; elapsed = 00:00:00 . Memory (MB): peak = 1726.750 ; gain = 0.000

Starting Netlist Obfuscation Task
Netlist sorting complete. Time (s): cpu = 00:00:00 ; elapsed = 00:00:00 . Memory (MB): peak = 1726.750 ; gain = 0.000
Ending Netlist Obfuscation Task | Checksum: 17c18b21b

Time (s): cpu = 00:00:00 ; elapsed = 00:00:00 . Memory (MB): peak = 1726.750 ; gain = 0.000
INFO: [Common 17-83] Releasing license: Implementation
24 Infos, 29 Warnings, 29 Critical Warnings and 0 Errors encountered.
opt_design completed successfully
opt_design: Time (s): cpu = 00:00:07 ; elapsed = 00:00:08 . Memory (MB): peak = 1726.750 ; gain = 502.395
INFO: [Timing 38-480] Writing timing data to binary archive.
Writing placer database...
Writing XDEF routing.
Writing XDEF routing logical nets.
Writing XDEF routing special nets.
Write XDEF Complete: Time (s): cpu = 00:00:01 ; elapsed = 00:00:00.028 . Memory (MB): peak = 1726.750 ; gain = 0.000
INFO: [Common 17-1381] The checkpoint 'D:/Vivado/Git_Lucky_number_game/Lucky_number_game/Lucky_number_game.runs/impl_1/controlGameWithBluetooth_opt.dcp' has been generated.
INFO: [runtcl-4] Executing : report_drc -file controlGameWithBluetooth_drc_opted.rpt -pb controlGameWithBluetooth_drc_opted.pb -rpx controlGameWithBluetooth_drc_opted.rpx
Command: report_drc -file controlGameWithBluetooth_drc_opted.rpt -pb controlGameWithBluetooth_drc_opted.pb -rpx controlGameWithBluetooth_drc_opted.rpx
INFO: [IP_Flow 19-234] Refreshing IP repositories
INFO: [IP_Flow 19-1704] No user IP repositories specified
INFO: [IP_Flow 19-2313] Loaded Vivado IP repository 'D:/Vivado_2021.1/Vivado/2021.1/data/ip'.
INFO: [Timing 38-35] Done setting XDC timing constraints.
INFO: [DRC 23-27] Running DRC with 2 threads
INFO: [Vivado_Tcl 2-168] The results of DRC are in file D:/Vivado/Git_Lucky_number_game/Lucky_number_game/Lucky_number_game.runs/impl_1/controlGameWithBluetooth_drc_opted.rpt.
report_drc completed successfully
Command: place_design
Attempting to get a license for feature 'Implementation' and/or device 'xc7z020'
INFO: [Common 17-349] Got license for feature 'Implementation' and/or device 'xc7z020'
INFO: [DRC 23-27] Running DRC with 2 threads
INFO: [Vivado_Tcl 4-198] DRC finished with 0 Errors
INFO: [Vivado_Tcl 4-199] Please refer to the DRC report (report_drc) for more information.
Running DRC as a precondition to command place_design
INFO: [DRC 23-27] Running DRC with 2 threads
INFO: [Vivado_Tcl 4-198] DRC finished with 0 Errors
INFO: [Vivado_Tcl 4-199] Please refer to the DRC report (report_drc) for more information.

Starting Placer Task
INFO: [Place 30-611] Multithreading enabled for place_design using a maximum of 2 CPUs

Phase 1 Placer Initialization

Phase 1.1 Placer Initialization Netlist Sorting
Netlist sorting complete. Time (s): cpu = 00:00:00 ; elapsed = 00:00:00 . Memory (MB): peak = 1772.855 ; gain = 0.000
Phase 1.1 Placer Initialization Netlist Sorting | Checksum: ca8d27f4

Time (s): cpu = 00:00:00 ; elapsed = 00:00:00.004 . Memory (MB): peak = 1772.855 ; gain = 0.000
Netlist sorting complete. Time (s): cpu = 00:00:00 ; elapsed = 00:00:00 . Memory (MB): peak = 1772.855 ; gain = 0.000

Phase 1.2 IO Placement/ Clock Placement/ Build Placer Device
Phase 1.2 IO Placement/ Clock Placement/ Build Placer Device | Checksum: 145c97f45

Time (s): cpu = 00:00:01 ; elapsed = 00:00:00.222 . Memory (MB): peak = 1772.855 ; gain = 0.000

Phase 1.3 Build Placer Netlist Model
Phase 1.3 Build Placer Netlist Model | Checksum: 1be86f312

Time (s): cpu = 00:00:01 ; elapsed = 00:00:00.235 . Memory (MB): peak = 1772.855 ; gain = 0.000

Phase 1.4 Constrain Clocks/Macros
Phase 1.4 Constrain Clocks/Macros | Checksum: 1be86f312

Time (s): cpu = 00:00:01 ; elapsed = 00:00:00.236 . Memory (MB): peak = 1772.855 ; gain = 0.000
Phase 1 Placer Initialization | Checksum: 1be86f312

Time (s): cpu = 00:00:01 ; elapsed = 00:00:00.238 . Memory (MB): peak = 1772.855 ; gain = 0.000

Phase 2 Global Placement

Phase 2.1 Floorplanning
Phase 2.1 Floorplanning | Checksum: 1be86f312

Time (s): cpu = 00:00:01 ; elapsed = 00:00:00.239 . Memory (MB): peak = 1772.855 ; gain = 0.000

Phase 2.2 Update Timing before SLR Path Opt
Phase 2.2 Update Timing before SLR Path Opt | Checksum: 1be86f312

Time (s): cpu = 00:00:01 ; elapsed = 00:00:00.240 . Memory (MB): peak = 1772.855 ; gain = 0.000

Phase 2.3 Post-Processing in Floorplanning
Phase 2.3 Post-Processing in Floorplanning | Checksum: 1be86f312

Time (s): cpu = 00:00:01 ; elapsed = 00:00:00.240 . Memory (MB): peak = 1772.855 ; gain = 0.000

Phase 2.4 Global Placement Core
WARNING: [Place 46-29] place_design is not in timing mode. Skip physical synthesis in placer
Phase 2.4 Global Placement Core | Checksum: 14ebc2179

Time (s): cpu = 00:00:01 ; elapsed = 00:00:00.945 . Memory (MB): peak = 1772.855 ; gain = 0.000
Phase 2 Global Placement | Checksum: 14ebc2179

Time (s): cpu = 00:00:01 ; elapsed = 00:00:00.947 . Memory (MB): peak = 1772.855 ; gain = 0.000

Phase 3 Detail Placement

Phase 3.1 Commit Multi Column Macros
Phase 3.1 Commit Multi Column Macros | Checksum: 14ebc2179

Time (s): cpu = 00:00:01 ; elapsed = 00:00:00.949 . Memory (MB): peak = 1772.855 ; gain = 0.000

Phase 3.2 Commit Most Macros & LUTRAMs
Phase 3.2 Commit Most Macros & LUTRAMs | Checksum: 1a73f7d3c

Time (s): cpu = 00:00:01 ; elapsed = 00:00:00.954 . Memory (MB): peak = 1772.855 ; gain = 0.000

Phase 3.3 Area Swap Optimization
Phase 3.3 Area Swap Optimization | Checksum: 1953d0331

Time (s): cpu = 00:00:01 ; elapsed = 00:00:00.961 . Memory (MB): peak = 1772.855 ; gain = 0.000

Phase 3.4 Pipeline Register Optimization
Phase 3.4 Pipeline Register Optimization | Checksum: 1dac78403

Time (s): cpu = 00:00:01 ; elapsed = 00:00:00.961 . Memory (MB): peak = 1772.855 ; gain = 0.000

Phase 3.5 Small Shape Detail Placement
Phase 3.5 Small Shape Detail Placement | Checksum: 1b1dead4c

Time (s): cpu = 00:00:01 ; elapsed = 00:00:01 . Memory (MB): peak = 1772.855 ; gain = 0.000

Phase 3.6 Re-assign LUT pins
Phase 3.6 Re-assign LUT pins | Checksum: 1b1dead4c

Time (s): cpu = 00:00:01 ; elapsed = 00:00:01 . Memory (MB): peak = 1772.855 ; gain = 0.000

Phase 3.7 Pipeline Register Optimization
Phase 3.7 Pipeline Register Optimization | Checksum: 1b1dead4c

Time (s): cpu = 00:00:01 ; elapsed = 00:00:01 . Memory (MB): peak = 1772.855 ; gain = 0.000
Phase 3 Detail Placement | Checksum: 1b1dead4c

Time (s): cpu = 00:00:01 ; elapsed = 00:00:01 . Memory (MB): peak = 1772.855 ; gain = 0.000

Phase 4 Post Placement Optimization and Clean-Up

Phase 4.1 Post Commit Optimization
Phase 4.1 Post Commit Optimization | Checksum: 1b1dead4c

Time (s): cpu = 00:00:01 ; elapsed = 00:00:01 . Memory (MB): peak = 1772.855 ; gain = 0.000

Phase 4.2 Post Placement Cleanup
Phase 4.2 Post Placement Cleanup | Checksum: 1b1dead4c

Time (s): cpu = 00:00:01 ; elapsed = 00:00:01 . Memory (MB): peak = 1772.855 ; gain = 0.000

Phase 4.3 Placer Reporting

Phase 4.3.1 Print Estimated Congestion
INFO: [Place 30-612] Post-Placement Estimated Congestion 
 ____________________________________________________
|           | Global Congestion | Short Congestion  |
| Direction | Region Size       | Region Size       |
|___________|___________________|___________________|
|      North|                1x1|                1x1|
|___________|___________________|___________________|
|      South|                1x1|                1x1|
|___________|___________________|___________________|
|       East|                1x1|                1x1|
|___________|___________________|___________________|
|       West|                1x1|                1x1|
|___________|___________________|___________________|

Phase 4.3.1 Print Estimated Congestion | Checksum: 1b1dead4c

Time (s): cpu = 00:00:01 ; elapsed = 00:00:01 . Memory (MB): peak = 1772.855 ; gain = 0.000
Phase 4.3 Placer Reporting | Checksum: 1b1dead4c

Time (s): cpu = 00:00:01 ; elapsed = 00:00:01 . Memory (MB): peak = 1772.855 ; gain = 0.000

Phase 4.4 Final Placement Cleanup
Netlist sorting complete. Time (s): cpu = 00:00:00 ; elapsed = 00:00:00 . Memory (MB): peak = 1772.855 ; gain = 0.000

Time (s): cpu = 00:00:01 ; elapsed = 00:00:01 . Memory (MB): peak = 1772.855 ; gain = 0.000
Phase 4 Post Placement Optimization and Clean-Up | Checksum: 1a18b930e

Time (s): cpu = 00:00:01 ; elapsed = 00:00:01 . Memory (MB): peak = 1772.855 ; gain = 0.000
Ending Placer Task | Checksum: 19db6cdca

Time (s): cpu = 00:00:01 ; elapsed = 00:00:01 . Memory (MB): peak = 1772.855 ; gain = 0.000
INFO: [Common 17-83] Releasing license: Implementation
43 Infos, 30 Warnings, 29 Critical Warnings and 0 Errors encountered.
place_design completed successfully
INFO: [Timing 38-480] Writing timing data to binary archive.
Writing placer database...
Writing XDEF routing.
Writing XDEF routing logical nets.
Writing XDEF routing special nets.
Write XDEF Complete: Time (s): cpu = 00:00:00 ; elapsed = 00:00:00.038 . Memory (MB): peak = 1772.855 ; gain = 0.000
INFO: [Common 17-1381] The checkpoint 'D:/Vivado/Git_Lucky_number_game/Lucky_number_game/Lucky_number_game.runs/impl_1/controlGameWithBluetooth_placed.dcp' has been generated.
INFO: [runtcl-4] Executing : report_io -file controlGameWithBluetooth_io_placed.rpt
report_io: Time (s): cpu = 00:00:00 ; elapsed = 00:00:00.028 . Memory (MB): peak = 1772.855 ; gain = 0.000
INFO: [runtcl-4] Executing : report_utilization -file controlGameWithBluetooth_utilization_placed.rpt -pb controlGameWithBluetooth_utilization_placed.pb
INFO: [runtcl-4] Executing : report_control_sets -verbose -file controlGameWithBluetooth_control_sets_placed.rpt
report_control_sets: Time (s): cpu = 00:00:00 ; elapsed = 00:00:00.002 . Memory (MB): peak = 1772.855 ; gain = 0.000
Command: phys_opt_design
Attempting to get a license for feature 'Implementation' and/or device 'xc7z020'
INFO: [Common 17-349] Got license for feature 'Implementation' and/or device 'xc7z020'
INFO: [Vivado_Tcl 4-235] No timing constraint found. The netlist was not modified.
INFO: [Common 17-83] Releasing license: Implementation
51 Infos, 30 Warnings, 29 Critical Warnings and 0 Errors encountered.
phys_opt_design completed successfully
INFO: [Timing 38-480] Writing timing data to binary archive.
Writing placer database...
Writing XDEF routing.
Writing XDEF routing logical nets.
Writing XDEF routing special nets.
Write XDEF Complete: Time (s): cpu = 00:00:00 ; elapsed = 00:00:00.037 . Memory (MB): peak = 1773.734 ; gain = 0.879
INFO: [Common 17-1381] The checkpoint 'D:/Vivado/Git_Lucky_number_game/Lucky_number_game/Lucky_number_game.runs/impl_1/controlGameWithBluetooth_physopt.dcp' has been generated.
Command: route_design
Attempting to get a license for feature 'Implementation' and/or device 'xc7z020'
INFO: [Common 17-349] Got license for feature 'Implementation' and/or device 'xc7z020'
Running DRC as a precondition to command route_design
INFO: [DRC 23-27] Running DRC with 2 threads
INFO: [Vivado_Tcl 4-198] DRC finished with 0 Errors
INFO: [Vivado_Tcl 4-199] Please refer to the DRC report (report_drc) for more information.


Starting Routing Task
INFO: [Route 35-254] Multithreading enabled for route_design using a maximum of 2 CPUs
Checksum: PlaceDB: de57b438 ConstDB: 0 ShapeSum: bf5f1992 RouteDB: 0

Phase 1 Build RT Design
Phase 1 Build RT Design | Checksum: 1837996f4

Time (s): cpu = 00:00:16 ; elapsed = 00:00:15 . Memory (MB): peak = 1891.168 ; gain = 108.352
Post Restoration Checksum: NetGraph: 8ec0d45c NumContArr: f4b8c298 Constraints: 0 Timing: 0

Phase 2 Router Initialization
INFO: [Route 35-64] No timing constraints were detected. The router will operate in resource-optimization mode.

Phase 2.1 Fix Topology Constraints
Phase 2.1 Fix Topology Constraints | Checksum: 1837996f4

Time (s): cpu = 00:00:16 ; elapsed = 00:00:15 . Memory (MB): peak = 1897.199 ; gain = 114.383

Phase 2.2 Pre Route Cleanup
Phase 2.2 Pre Route Cleanup | Checksum: 1837996f4

Time (s): cpu = 00:00:16 ; elapsed = 00:00:15 . Memory (MB): peak = 1897.199 ; gain = 114.383
 Number of Nodes with overlaps = 0
Phase 2 Router Initialization | Checksum: 755cfc56

Time (s): cpu = 00:00:17 ; elapsed = 00:00:15 . Memory (MB): peak = 1911.434 ; gain = 128.617

Router Utilization Summary
  Global Vertical Routing Utilization    = 0 %
  Global Horizontal Routing Utilization  = 0 %
  Routable Net Status*
  *Does not include unroutable nets such as driverless and loadless.
  Run report_route_status for detailed report.
  Number of Failed Nets               = 157
    (Failed Nets is the sum of unrouted and partially routed nets)
  Number of Unrouted Nets             = 157
  Number of Partially Routed Nets     = 0
  Number of Node Overlaps             = 0


Phase 3 Initial Routing

Phase 3.1 Global Routing
Phase 3.1 Global Routing | Checksum: 755cfc56

Time (s): cpu = 00:00:17 ; elapsed = 00:00:15 . Memory (MB): peak = 1913.836 ; gain = 131.020
Phase 3 Initial Routing | Checksum: 19688e2b9

Time (s): cpu = 00:00:17 ; elapsed = 00:00:15 . Memory (MB): peak = 1913.836 ; gain = 131.020

Phase 4 Rip-up And Reroute

Phase 4.1 Global Iteration 0
 Number of Nodes with overlaps = 3
 Number of Nodes with overlaps = 0
Phase 4.1 Global Iteration 0 | Checksum: 157b3dd8f

Time (s): cpu = 00:00:17 ; elapsed = 00:00:15 . Memory (MB): peak = 1913.836 ; gain = 131.020
Phase 4 Rip-up And Reroute | Checksum: 157b3dd8f

Time (s): cpu = 00:00:17 ; elapsed = 00:00:15 . Memory (MB): peak = 1913.836 ; gain = 131.020

Phase 5 Delay and Skew Optimization
Phase 5 Delay and Skew Optimization | Checksum: 157b3dd8f

Time (s): cpu = 00:00:17 ; elapsed = 00:00:15 . Memory (MB): peak = 1913.836 ; gain = 131.020

Phase 6 Post Hold Fix

Phase 6.1 Hold Fix Iter
Phase 6.1 Hold Fix Iter | Checksum: 157b3dd8f

Time (s): cpu = 00:00:17 ; elapsed = 00:00:15 . Memory (MB): peak = 1913.836 ; gain = 131.020
Phase 6 Post Hold Fix | Checksum: 157b3dd8f

Time (s): cpu = 00:00:17 ; elapsed = 00:00:15 . Memory (MB): peak = 1913.836 ; gain = 131.020

Phase 7 Route finalize

Router Utilization Summary
  Global Vertical Routing Utilization    = 0.0213317 %
  Global Horizontal Routing Utilization  = 0.0197769 %
  Routable Net Status*
  *Does not include unroutable nets such as driverless and loadless.
  Run report_route_status for detailed report.
  Number of Failed Nets               = 0
    (Failed Nets is the sum of unrouted and partially routed nets)
  Number of Unrouted Nets             = 0
  Number of Partially Routed Nets     = 0
  Number of Node Overlaps             = 0

Congestion Report
North Dir 1x1 Area, Max Cong = 16.2162%, No Congested Regions.
South Dir 1x1 Area, Max Cong = 16.2162%, No Congested Regions.
East Dir 1x1 Area, Max Cong = 17.6471%, No Congested Regions.
West Dir 1x1 Area, Max Cong = 17.6471%, No Congested Regions.

------------------------------
Reporting congestion hotspots
------------------------------
Direction: North
----------------
Congested clusters found at Level 0
Effective congestion level: 0 Aspect Ratio: 1 Sparse Ratio: 0
Direction: South
----------------
Congested clusters found at Level 0
Effective congestion level: 0 Aspect Ratio: 1 Sparse Ratio: 0
Direction: East
----------------
Congested clusters found at Level 0
Effective congestion level: 0 Aspect Ratio: 1 Sparse Ratio: 0
Direction: West
----------------
Congested clusters found at Level 0
Effective congestion level: 0 Aspect Ratio: 1 Sparse Ratio: 0

Phase 7 Route finalize | Checksum: 157b3dd8f

Time (s): cpu = 00:00:17 ; elapsed = 00:00:15 . Memory (MB): peak = 1913.836 ; gain = 131.020

Phase 8 Verifying routed nets

 Verification completed successfully
Phase 8 Verifying routed nets | Checksum: 157b3dd8f

Time (s): cpu = 00:00:17 ; elapsed = 00:00:15 . Memory (MB): peak = 1913.836 ; gain = 131.020

Phase 9 Depositing Routes
Phase 9 Depositing Routes | Checksum: 1b5b57dc2

Time (s): cpu = 00:00:17 ; elapsed = 00:00:15 . Memory (MB): peak = 1913.836 ; gain = 131.020
INFO: [Route 35-16] Router Completed Successfully

Time (s): cpu = 00:00:17 ; elapsed = 00:00:15 . Memory (MB): peak = 1913.836 ; gain = 131.020

Routing Is Done.
INFO: [Common 17-83] Releasing license: Implementation
61 Infos, 30 Warnings, 29 Critical Warnings and 0 Errors encountered.
route_design completed successfully
route_design: Time (s): cpu = 00:00:18 ; elapsed = 00:00:16 . Memory (MB): peak = 1913.836 ; gain = 140.102
INFO: [Timing 38-480] Writing timing data to binary archive.
Writing placer database...
Writing XDEF routing.
Writing XDEF routing logical nets.
Writing XDEF routing special nets.
Write XDEF Complete: Time (s): cpu = 00:00:00 ; elapsed = 00:00:00.038 . Memory (MB): peak = 1923.504 ; gain = 9.668
INFO: [Common 17-1381] The checkpoint 'D:/Vivado/Git_Lucky_number_game/Lucky_number_game/Lucky_number_game.runs/impl_1/controlGameWithBluetooth_routed.dcp' has been generated.
INFO: [runtcl-4] Executing : report_drc -file controlGameWithBluetooth_drc_routed.rpt -pb controlGameWithBluetooth_drc_routed.pb -rpx controlGameWithBluetooth_drc_routed.rpx
Command: report_drc -file controlGameWithBluetooth_drc_routed.rpt -pb controlGameWithBluetooth_drc_routed.pb -rpx controlGameWithBluetooth_drc_routed.rpx
INFO: [IP_Flow 19-1839] IP Catalog is up to date.
INFO: [DRC 23-27] Running DRC with 2 threads
INFO: [Vivado_Tcl 2-168] The results of DRC are in file D:/Vivado/Git_Lucky_number_game/Lucky_number_game/Lucky_number_game.runs/impl_1/controlGameWithBluetooth_drc_routed.rpt.
report_drc completed successfully
INFO: [runtcl-4] Executing : report_methodology -file controlGameWithBluetooth_methodology_drc_routed.rpt -pb controlGameWithBluetooth_methodology_drc_routed.pb -rpx controlGameWithBluetooth_methodology_drc_routed.rpx
Command: report_methodology -file controlGameWithBluetooth_methodology_drc_routed.rpt -pb controlGameWithBluetooth_methodology_drc_routed.pb -rpx controlGameWithBluetooth_methodology_drc_routed.rpx
INFO: [Timing 38-35] Done setting XDC timing constraints.
INFO: [DRC 23-133] Running Methodology with 2 threads
INFO: [Vivado_Tcl 2-1520] The results of Report Methodology are in file D:/Vivado/Git_Lucky_number_game/Lucky_number_game/Lucky_number_game.runs/impl_1/controlGameWithBluetooth_methodology_drc_routed.rpt.
report_methodology completed successfully
INFO: [runtcl-4] Executing : report_power -file controlGameWithBluetooth_power_routed.rpt -pb controlGameWithBluetooth_power_summary_routed.pb -rpx controlGameWithBluetooth_power_routed.rpx
Command: report_power -file controlGameWithBluetooth_power_routed.rpt -pb controlGameWithBluetooth_power_summary_routed.pb -rpx controlGameWithBluetooth_power_routed.rpx
INFO: [Timing 38-35] Done setting XDC timing constraints.
WARNING: [Power 33-232] No user defined clocks were found in the design! Power estimation will be inaccurate until this is corrected.
Resolution: Please specify clocks using create_clock/create_generated_clock for sequential elements. For pure combinatorial circuits, please specify a virtual clock, otherwise the vectorless estimation might be inaccurate
Running Vector-less Activity Propagation...

Finished Running Vector-less Activity Propagation
73 Infos, 31 Warnings, 29 Critical Warnings and 0 Errors encountered.
report_power completed successfully
INFO: [runtcl-4] Executing : report_route_status -file controlGameWithBluetooth_route_status.rpt -pb controlGameWithBluetooth_route_status.pb
INFO: [runtcl-4] Executing : report_timing_summary -max_paths 10 -file controlGameWithBluetooth_timing_summary_routed.rpt -pb controlGameWithBluetooth_timing_summary_routed.pb -rpx controlGameWithBluetooth_timing_summary_routed.rpx -warn_on_violation 
INFO: [Timing 38-91] UpdateTimingParams: Speed grade: -1, Delay Type: min_max.
INFO: [Timing 38-191] Multithreading enabled for timing update using a maximum of 2 CPUs
WARNING: [Timing 38-313] There are no user specified timing constraints. Timing constraints are needed for proper timing analysis.
INFO: [runtcl-4] Executing : report_incremental_reuse -file controlGameWithBluetooth_incremental_reuse_routed.rpt
INFO: [Vivado_Tcl 4-1062] Incremental flow is disabled. No incremental reuse Info to report.
INFO: [runtcl-4] Executing : report_clock_utilization -file controlGameWithBluetooth_clock_utilization_routed.rpt
INFO: [runtcl-4] Executing : report_bus_skew -warn_on_violation -file controlGameWithBluetooth_bus_skew_routed.rpt -pb controlGameWithBluetooth_bus_skew_routed.pb -rpx controlGameWithBluetooth_bus_skew_routed.rpx
INFO: [Timing 38-91] UpdateTimingParams: Speed grade: -1, Delay Type: min_max.
INFO: [Timing 38-191] Multithreading enabled for timing update using a maximum of 2 CPUs
Command: write_bitstream -force controlGameWithBluetooth.bit
Attempting to get a license for feature 'Implementation' and/or device 'xc7z020'
INFO: [Common 17-349] Got license for feature 'Implementation' and/or device 'xc7z020'
Running DRC as a precondition to command write_bitstream
INFO: [IP_Flow 19-1839] IP Catalog is up to date.
INFO: [DRC 23-27] Running DRC with 2 threads
WARNING: [DRC ZPS7-1] PS7 block required: The PS7 cell must be used in this Zynq design in order to enable correct default configuration.
INFO: [Vivado 12-3199] DRC finished with 0 Errors, 1 Warnings
INFO: [Vivado 12-3200] Please refer to the DRC report (report_drc) for more information.
INFO: [Designutils 20-2272] Running write_bitstream with 2 threads.
Loading data files...
Loading site data...
Loading route data...
Processing options...
Creating bitmap...
Creating bitstream...
Writing bitstream ./controlGameWithBluetooth.bit...
INFO: [Vivado 12-1842] Bitgen Completed Successfully.
INFO: [#UNDEF] WebTalk data collection is mandatory when using a WebPACK part without a full Vivado license. To see the specific WebTalk data collected for your design, open the usage_statistics_webtalk.html or usage_statistics_webtalk.xml file in the implementation directory.
INFO: [Common 17-83] Releasing license: Implementation
12 Infos, 1 Warnings, 0 Critical Warnings and 0 Errors encountered.
write_bitstream completed successfully
write_bitstream: Time (s): cpu = 00:00:09 ; elapsed = 00:00:09 . Memory (MB): peak = 2392.293 ; gain = 438.367
INFO: [Common 17-206] Exiting Vivado at Mon Dec  9 11:13:59 2024...
