Copyright 1986-2021 Xilinx, Inc. All Rights Reserved.
------------------------------------------------------------------------------------------------
| Tool Version : Vivado v.2021.1 (win64) Build 3247384 Thu Jun 10 19:36:33 MDT 2021
| Date         : Wed Oct 16 11:02:14 2024
| Host         : MSI running 64-bit major release  (build 9200)
| Command      : report_control_sets -verbose -file toggleLedWithButton_control_sets_placed.rpt
| Design       : toggleLedWithButton
| Device       : xc7z020
------------------------------------------------------------------------------------------------

Control Set Information

Table of Contents
-----------------
1. Summary
2. Histogram
3. Flip-Flop Distribution
4. Detailed Control Set Information

1. Summary
----------

+----------------------------------------------------------+-------+
|                          Status                          | Count |
+----------------------------------------------------------+-------+
| Total control sets                                       |     9 |
|    Minimum number of control sets                        |     9 |
|    Addition due to synthesis replication                 |     0 |
|    Addition due to physical synthesis replication        |     0 |
| Unused register locations in slices containing registers |     6 |
+----------------------------------------------------------+-------+
* Control sets can be merged at opt_design using control_set_merge or merge_equivalent_drivers
** Run report_qor_suggestions for automated merging and remapping suggestions


2. Histogram
------------

+--------------------+-------+
|       Fanout       | Count |
+--------------------+-------+
| Total control sets |     9 |
| >= 0 to < 4        |     0 |
| >= 4 to < 6        |     1 |
| >= 6 to < 8        |     1 |
| >= 8 to < 10       |     2 |
| >= 10 to < 12      |     0 |
| >= 12 to < 14      |     0 |
| >= 14 to < 16      |     0 |
| >= 16              |     5 |
+--------------------+-------+
* Control sets can be remapped at either synth_design or opt_design


3. Flip-Flop Distribution
-------------------------

+--------------+-----------------------+------------------------+-----------------+--------------+
| Clock Enable | Synchronous Set/Reset | Asynchronous Set/Reset | Total Registers | Total Slices |
+--------------+-----------------------+------------------------+-----------------+--------------+
| No           | No                    | No                     |               0 |            0 |
| No           | No                    | Yes                    |              18 |            8 |
| No           | Yes                   | No                     |               0 |            0 |
| Yes          | No                    | No                     |               0 |            0 |
| Yes          | No                    | Yes                    |              40 |           15 |
| Yes          | Yes                   | No                     |             128 |           36 |
+--------------+-----------------------+------------------------+-----------------+--------------+


4. Detailed Control Set Information
-----------------------------------

+----------------+----------------------------------------------------------------------+----------------------------------------------------------------------+------------------+----------------+--------------+
|  Clock Signal  |                             Enable Signal                            |                           Set/Reset Signal                           | Slice Load Count | Bel Load Count | Bels / Slice |
+----------------+----------------------------------------------------------------------+----------------------------------------------------------------------+------------------+----------------+--------------+
|  clk_out_BUFG  |                                                                      | rst_IBUF                                                             |                2 |              4 |         2.00 |
|  clk_IBUF_BUFG |                                                                      | rst_IBUF                                                             |                3 |              6 |         2.00 |
|  clk_out_BUFG  |                                                                      | read_button_debounce_inst/button_press_flag[3]_i_2_n_0               |                3 |              8 |         2.67 |
|  clk_out_BUFG  | read_button_debounce_inst/button_debounce1[3]_i_1_n_0                | rst_IBUF                                                             |                2 |              8 |         4.00 |
|  clk_out_BUFG  | read_button_debounce_inst/counter_pressed_hold_button                | read_button_debounce_inst/counter_pressed_hold_button[3][31]_i_1_n_0 |                9 |             32 |         3.56 |
|  clk_out_BUFG  | read_button_debounce_inst/counter_pressed_hold_button[1][31]_i_2_n_0 | read_button_debounce_inst/counter_pressed_hold_button[1][31]_i_1_n_0 |                9 |             32 |         3.56 |
|  clk_out_BUFG  | read_button_debounce_inst/counter_pressed_hold_button[0][31]_i_2_n_0 | read_button_debounce_inst/counter_pressed_hold_button[0][31]_i_1_n_0 |                9 |             32 |         3.56 |
|  clk_out_BUFG  | read_button_debounce_inst/counter_pressed_hold_button[2][31]_i_2_n_0 | read_button_debounce_inst/counter_pressed_hold_button[2][31]_i_1_n_0 |                9 |             32 |         3.56 |
|  clk_IBUF_BUFG | read_button_debounce_inst/frequency_for_button_read_inst/counter_0   | rst_IBUF                                                             |               13 |             32 |         2.46 |
+----------------+----------------------------------------------------------------------+----------------------------------------------------------------------+------------------+----------------+--------------+


