INFO: [VRFC 10-2263] Analyzing Verilog file "D:/Vivado/Git_Lucky_number_game/Lucky_number_game/Lucky_number_game.srcs/sources_1/new/header.vh" into library xil_defaultlib
INFO: [VRFC 10-2263] Analyzing Verilog file "D:/Vivado/Git_Lucky_number_game/Lucky_number_game/Lucky_number_game.srcs/sources_1/new/frequencyDivider.v" into library xil_defaultlib
INFO: [VRFC 10-311] analyzing module frequencyDivider
INFO: [VRFC 10-2263] Analyzing Verilog file "D:/Vivado/Git_Lucky_number_game/Lucky_number_game/Lucky_number_game.srcs/sources_1/new/readButtonWithDebounce.v" into library xil_defaultlib
INFO: [VRFC 10-311] analyzing module readButtonWithDebounce
INFO: [VRFC 10-2263] Analyzing Verilog file "D:/Vivado/Git_Lucky_number_game/Lucky_number_game/Lucky_number_game.srcs/sources_1/new/toggleLedWithButton.v" into library xil_defaultlib
INFO: [VRFC 10-311] analyzing module toggleLedWithButton
INFO: [VRFC 10-2263] Analyzing Verilog file "D:/Vivado/Git_Lucky_number_game/Lucky_number_game/Lucky_number_game.srcs/sources_1/new/fsmForButtonState.v" into library xil_defaultlib
INFO: [VRFC 10-311] analyzing module fsmForButtonState
INFO: [VRFC 10-2263] Analyzing Verilog file "D:/Vivado/Git_Lucky_number_game/Lucky_number_game/Lucky_number_game.srcs/sources_1/new/button_test.v" into library xil_defaultlib
INFO: [VRFC 10-311] analyzing module button_test
INFO: [VRFC 10-2263] Analyzing Verilog file "D:/Vivado/Git_Lucky_number_game/Lucky_number_game/Lucky_number_game.srcs/sources_1/new/controlSpeedMode0.v" into library xil_defaultlib
INFO: [VRFC 10-311] analyzing module controlSpeedMode0
INFO: [VRFC 10-2263] Analyzing Verilog file "D:/Vivado/Git_Lucky_number_game/Lucky_number_game/Lucky_number_game.srcs/sources_1/new/generateRandomNumber.v" into library xil_defaultlib
INFO: [VRFC 10-311] analyzing module generateRandomNumber
INFO: [VRFC 10-2263] Analyzing Verilog file "D:/Vivado/Git_Lucky_number_game/Lucky_number_game/Lucky_number_game.srcs/sim_1/new/controlSpeedMode0_tb.v" into library xil_defaultlib
INFO: [VRFC 10-311] analyzing module controlSpeedMode0_tb
WARNING: [VRFC 10-8374] loop variable declaration is not allowed in this mode of Verilog [D:/Vivado/Git_Lucky_number_game/Lucky_number_game/Lucky_number_game.srcs/sim_1/new/controlSpeedMode0_tb.v:70]
INFO: [VRFC 10-2263] Analyzing Verilog file "D:/Vivado/Git_Lucky_number_game/Lucky_number_game/Lucky_number_game.srcs/sim_1/new/fsmForButton_tb.v" into library xil_defaultlib
INFO: [VRFC 10-311] analyzing module fsmForButton_tb
INFO: [VRFC 10-2263] Analyzing Verilog file "D:/Vivado/Git_Lucky_number_game/Lucky_number_game/Lucky_number_game.srcs/sim_1/new/generateRandomNumber_tb.v" into library xil_defaultlib
INFO: [VRFC 10-311] analyzing module generateRandomNumber_tb
WARNING: [VRFC 10-8374] loop variable declaration is not allowed in this mode of Verilog [D:/Vivado/Git_Lucky_number_game/Lucky_number_game/Lucky_number_game.srcs/sim_1/new/generateRandomNumber_tb.v:53]
INFO: [VRFC 10-2263] Analyzing Verilog file "D:/Vivado/Git_Lucky_number_game/Lucky_number_game/Lucky_number_game.srcs/sim_1/new/toggleLedWithButton_tb.v" into library xil_defaultlib
INFO: [VRFC 10-311] analyzing module toggleLedWithButton_tb
